<?xml version="1.0" encoding="UTF-8" ?>
<testsuite tests="11" failures="0" name="org.springframework.samples.petclinic.service.ClinicServiceJpaTests" time="1.231" errors="0" skipped="0">
  <properties>
[...]
</properties>
  <testcase classname="org.springframework.samples.petclinic.service.ClinicServiceJpaTests" name="shouldFindVets" time="0.608"/>
  <testcase classname="org.springframework.samples.petclinic.service.ClinicServiceJpaTests" name="shouldFindOwnersByLastName" time="0.167"/>
  <testcase classname="org.springframework.samples.petclinic.service.ClinicServiceJpaTests" name="shouldAddNewVisitForPet" time="0.05"/>
  <testcase classname="org.springframework.samples.petclinic.service.ClinicServiceJpaTests" name="shouldUpdateOwner" time="0.132"/>
  <testcase classname="org.springframework.samples.petclinic.service.ClinicServiceJpaTests" name="shouldFindVisitsByPetId" time="0.035"/>
  <testcase classname="org.springframework.samples.petclinic.service.ClinicServiceJpaTests" name="shouldInsertPetIntoDatabaseAndGenerateId" time="0.118"/>
  <testcase classname="org.springframework.samples.petclinic.service.ClinicServiceJpaTests" name="shouldInsertOwner" time="0.068"/>
  <testcase classname="org.springframework.samples.petclinic.service.ClinicServiceJpaTests" name="shouldFindSingleOwnerWithPet" time="0.004"/>
  <testcase classname="org.springframework.samples.petclinic.service.ClinicServiceJpaTests" name="shouldUpdatePetName" time="0.035"/>
  <testcase classname="org.springframework.samples.petclinic.service.ClinicServiceJpaTests" name="shouldFindAllPetTypes" time="0"/>
  <testcase classname="org.springframework.samples.petclinic.service.ClinicServiceJpaTests" name="shouldFindPetWithCorrectId" time="0.014"/>
</testsuite>